<?xml version="1.0" encoding="utf-8"?><testsuites name="pytest tests"><testsuite name="pytest" errors="0" failures="0" skipped="0" tests="15" time="18.539" timestamp="2026-03-18T22:15:09.234295+00:00" hostname="agent-env-2a538f3f-fef4-4cd3-ab63-b5a27d7d34cc"><testcase classname="backend.tests.test_google_integration.TestGoogleIntegration" name="test_create_google_form_requires_auth" time="1.785" /><testcase classname="backend.tests.test_google_integration.TestGoogleIntegration" name="test_google_data_requires_auth" time="1.458" /><testcase classname="backend.tests.test_google_integration.TestGoogleIntegration" name="test_import_from_google_requires_auth" time="1.484" /><testcase classname="backend.tests.test_google_integration.TestGoogleIntegration" name="test_create_google_form_park_not_found" time="1.510" /><testcase classname="backend.tests.test_google_integration.TestGoogleIntegration" name="test_create_google_form_endpoint_exists" time="2.192" /><testcase classname="backend.tests.test_google_integration.TestGoogleIntegration" name="test_google_data_no_sheet_connected" time="1.454" /><testcase classname="backend.tests.test_google_integration.TestGoogleIntegration" name="test_google_data_park_not_found" time="1.490" /><testcase classname="backend.tests.test_google_integration.TestGoogleIntegration" name="test_import_from_google_no_sheet_connected" time="1.462" /><testcase classname="backend.tests.test_google_integration.TestGoogleIntegration" name="test_import_from_google_park_not_found" time="1.468" /><testcase classname="backend.tests.test_google_integration.TestGoogleIntegration" name="test_create_google_form_unauthorized_user" time="1.996" /><testcase classname="backend.tests.test_google_integration.TestLunaParkGoogleFields" name="test_park_has_google_fields" time="0.899" /><testcase classname="backend.tests.test_google_integration.TestAPIBasics" name="test_api_root" time="0.212" /><testcase classname="backend.tests.test_google_integration.TestAPIBasics" name="test_seed_endpoint" time="0.207" /><testcase classname="backend.tests.test_google_integration.TestAPIBasics" name="test_organizer_login" time="0.540" /><testcase classname="backend.tests.test_google_integration.TestAPIBasics" name="test_get_parks_list" time="0.232" /></testsuite></testsuites>